SF:lib\data_source\remote_data_source\user_data_source.dart
DA:18,0
DA:20,0
DA:22,0
DA:23,0
DA:25,0
DA:26,0
DA:33,0
DA:35,0
DA:36,0
DA:42,0
DA:46,1
DA:48,2
DA:51,1
DA:56,2
DA:57,2
DA:58,2
DA:60,2
DA:63,2
DA:70,0
DA:74,1
DA:75,1
DA:76,0
DA:80,1
DA:84,0
DA:85,0
DA:86,0
DA:87,0
DA:88,0
DA:90,0
DA:94,2
DA:95,1
DA:96,1
DA:97,1
DA:98,1
DA:100,1
DA:101,1
DA:104,2
DA:108,0
DA:118,1
DA:120,2
DA:121,1
DA:122,2
DA:123,2
DA:124,1
DA:127,0
DA:130,0
DA:134,0
DA:136,0
DA:137,0
DA:139,0
DA:141,0
DA:142,0
DA:148,0
DA:149,0
DA:150,0
DA:151,0
DA:154,0
DA:157,0
DA:161,0
DA:163,0
DA:164,0
DA:174,0
DA:176,0
DA:177,0
DA:178,0
DA:179,0
DA:180,0
DA:181,0
DA:183,0
DA:184,0
DA:190,0
DA:200,0
DA:202,0
DA:203,0
DA:207,0
DA:208,0
DA:209,0
DA:210,0
DA:211,0
DA:213,0
DA:218,0
DA:222,0
DA:225,0
DA:226,0
DA:232,0
DA:243,0
DA:244,0
LF:87
LH:25
end_of_record
SF:lib\model\user_model.dart
DA:42,1
DA:56,2
DA:58,0
LF:3
LH:2
end_of_record
SF:lib\model\user_model.g.dart
DA:9,2
DA:10,1
DA:11,1
DA:12,1
DA:13,1
DA:14,1
DA:15,1
DA:16,1
DA:17,1
DA:18,1
DA:19,1
DA:22,0
DA:23,0
DA:24,0
DA:25,0
DA:26,0
DA:27,0
DA:28,0
DA:29,0
DA:30,0
DA:31,0
DA:32,0
LF:22
LH:11
end_of_record
SF:lib\data_source\remote_data_source\response\login_response.dart
DA:10,1
DA:12,1
DA:13,1
DA:14,0
LF:4
LH:3
end_of_record
SF:lib\data_source\remote_data_source\response\login_response.g.dart
DA:9,1
DA:10,1
DA:11,1
DA:12,1
DA:13,1
DA:16,0
DA:17,0
DA:18,0
DA:19,0
DA:20,0
LF:10
LH:5
end_of_record
SF:lib\data_source\remote_data_source\response\user_details_response.dart
DA:12,0
DA:14,0
DA:15,0
DA:16,0
LF:4
LH:0
end_of_record
SF:lib\data_source\remote_data_source\response\user_details_response.g.dart
DA:9,0
DA:10,0
DA:11,0
DA:12,0
DA:13,0
DA:15,0
DA:18,0
DA:20,0
DA:21,0
DA:22,0
DA:23,0
LF:11
LH:0
end_of_record
SF:lib\data_source\remote_data_source\response\user_response.dart
DA:12,1
DA:14,1
DA:15,1
DA:16,0
LF:4
LH:3
end_of_record
SF:lib\data_source\remote_data_source\response\user_response.g.dart
DA:9,2
DA:10,1
DA:11,1
DA:12,1
DA:13,3
DA:14,1
DA:17,0
DA:18,0
DA:19,0
DA:20,0
DA:21,0
LF:11
LH:6
end_of_record
SF:lib\helper\http_service.dart
DA:6,3
DA:7,2
DA:8,1
DA:21,1
DA:22,2
DA:23,1
DA:25,1
DA:26,1
DA:27,1
DA:30,3
DA:31,1
DA:37,1
LF:12
LH:12
end_of_record
SF:lib\model\groups_model.dart
DA:30,0
DA:44,0
DA:46,0
LF:3
LH:0
end_of_record
SF:lib\model\groups_model.g.dart
DA:9,0
DA:10,0
DA:11,0
DA:12,0
DA:13,0
DA:14,0
DA:15,0
DA:16,0
DA:17,0
DA:20,0
DA:21,0
DA:22,0
DA:23,0
DA:24,0
DA:25,0
DA:26,0
LF:16
LH:0
end_of_record
SF:lib\model\post_model.dart
DA:29,0
DA:39,0
DA:40,0
DA:42,0
LF:4
LH:0
end_of_record
SF:lib\model\post_model.g.dart
DA:9,0
DA:10,0
DA:11,0
DA:12,0
DA:13,0
DA:14,0
DA:15,0
DA:17,0
DA:18,0
DA:21,0
DA:22,0
DA:23,0
DA:24,0
DA:25,0
DA:26,0
DA:27,0
DA:28,0
LF:17
LH:0
end_of_record
SF:lib\model\user_story_model.dart
DA:15,0
LF:1
LH:0
end_of_record
